\BOOKMARK [0][]{Inhaltsverzeichnis.0}{Inhaltsverzeichnis}{}% 1
\BOOKMARK [0][]{chapter.1}{1 Einleitung}{}% 2
\BOOKMARK [1][-]{section.1.1}{1.1 Motivation}{chapter.1}% 3
\BOOKMARK [1][-]{section.1.2}{1.2 Problemstellung}{chapter.1}% 4
\BOOKMARK [1][-]{section.1.3}{1.3 Zielsetzung}{chapter.1}% 5
\BOOKMARK [1][-]{section.1.4}{1.4 Gliederung/Aufbau der Arbeit}{chapter.1}% 6
\BOOKMARK [0][]{chapter.2}{2 Grundlagen}{}% 7
\BOOKMARK [1][-]{section.2.1}{2.1 Latrunculi}{chapter.2}% 8
\BOOKMARK [1][-]{section.2.2}{2.2 K\374nstliche Intelligenz}{chapter.2}% 9
\BOOKMARK [1][-]{section.2.3}{2.3 State of the Art}{chapter.2}% 10
\BOOKMARK [0][]{chapter.3}{3 Analyse}{}% 11
\BOOKMARK [1][-]{section.3.1}{3.1 Anforderungen}{chapter.3}% 12
\BOOKMARK [1][-]{section.3.2}{3.2 Weiterer Abschnitt}{chapter.3}% 13
\BOOKMARK [1][-]{section.3.3}{3.3 Zusammenfassung}{chapter.3}% 14
\BOOKMARK [0][]{chapter.4}{4 Entwurf / Konzeption}{}% 15
\BOOKMARK [1][-]{section.4.1}{4.1 Abschnitt 1}{chapter.4}% 16
\BOOKMARK [1][-]{section.4.2}{4.2 Abschnitt 2}{chapter.4}% 17
\BOOKMARK [1][-]{section.4.3}{4.3 Zusammenfassung}{chapter.4}% 18
\BOOKMARK [0][]{chapter.5}{5 Implementierung}{}% 19
\BOOKMARK [1][-]{section.5.1}{5.1 Abschnitt 1}{chapter.5}% 20
\BOOKMARK [1][-]{section.5.2}{5.2 Abschnitt 2}{chapter.5}% 21
\BOOKMARK [0][]{chapter.6}{6 Evaluation}{}% 22
\BOOKMARK [1][-]{section.6.1}{6.1 Abschnitt 1}{chapter.6}% 23
\BOOKMARK [1][-]{section.6.2}{6.2 Abschnitt 2}{chapter.6}% 24
\BOOKMARK [1][-]{section.6.3}{6.3 Zusammenfassung}{chapter.6}% 25
\BOOKMARK [0][]{chapter.7}{7 Diskussion und Ausblick}{}% 26
\BOOKMARK [0][]{section*.5}{Literaturverzeichnis}{}% 27
